TN:
SF:test-mocks.ts
FN:29,createInitialCalendarState
FN:143,getEvents
FNF:2
FNH:2
FNDA:1,createInitialCalendarState
FNDA:569,getEvents
DA:1,1
DA:2,1
DA:3,1
DA:4,1
DA:5,1
DA:6,1
DA:7,1
DA:8,1
DA:9,1
DA:10,1
DA:11,1
DA:12,1
DA:13,1
DA:14,1
DA:15,1
DA:16,1
DA:17,1
DA:18,1
DA:19,1
DA:20,1
DA:21,1
DA:22,1
DA:23,1
DA:24,1
DA:25,1
DA:26,1
DA:27,1
DA:28,1
DA:29,1
DA:30,1
DA:31,1
DA:32,1
DA:33,1
DA:34,1
DA:35,1
DA:36,1
DA:37,1
DA:38,1
DA:39,1
DA:40,1
DA:41,1
DA:42,1
DA:43,1
DA:44,1
DA:45,1
DA:46,1
DA:47,1
DA:48,1
DA:49,1
DA:50,1
DA:51,1
DA:52,1
DA:53,1
DA:54,1
DA:55,1
DA:56,1
DA:57,1
DA:58,1
DA:59,1
DA:60,1
DA:61,1
DA:62,1
DA:63,1
DA:64,1
DA:65,1
DA:66,1
DA:67,1
DA:68,1
DA:69,1
DA:70,1
DA:71,1
DA:72,1
DA:73,1
DA:74,1
DA:75,1
DA:76,1
DA:77,1
DA:78,1
DA:79,1
DA:80,1
DA:81,1
DA:82,1
DA:83,1
DA:84,1
DA:85,1
DA:86,1
DA:87,1
DA:88,1
DA:89,1
DA:90,1
DA:91,1
DA:92,1
DA:93,1
DA:94,1
DA:95,1
DA:96,1
DA:97,1
DA:98,1
DA:99,1
DA:100,1
DA:101,1
DA:102,1
DA:103,1
DA:104,1
DA:105,1
DA:106,1
DA:107,1
DA:108,1
DA:109,1
DA:110,1
DA:111,1
DA:112,1
DA:113,1
DA:114,1
DA:115,1
DA:116,1
DA:117,1
DA:118,1
DA:119,1
DA:120,1
DA:121,1
DA:122,1
DA:123,1
DA:124,1
DA:125,1
DA:126,1
DA:127,1
DA:128,1
DA:129,1
DA:130,1
DA:131,1
DA:132,1
DA:133,1
DA:134,1
DA:135,1
DA:136,1
DA:137,1
DA:138,1
DA:139,1
DA:140,1
DA:141,1
DA:142,1
DA:143,1
DA:144,569
DA:145,569
LF:145
LH:145
BRDA:29,0,0,1
BRDA:143,1,0,569
BRF:2
BRH:2
end_of_record
TN:
SF:src/components/containers/EventFormModal/index.tsx
FN:30,EventFormModal
FN:35,handleCloseModal
FN:72,onChange
FN:85,onChange
FNF:4
FNH:2
FNDA:33,EventFormModal
FNDA:1,handleCloseModal
FNDA:0,onChange
FNDA:0,onChange
DA:1,1
DA:2,1
DA:3,1
DA:4,1
DA:5,1
DA:6,1
DA:7,1
DA:8,1
DA:9,1
DA:10,1
DA:11,1
DA:12,1
DA:13,1
DA:14,1
DA:15,1
DA:16,1
DA:17,1
DA:18,1
DA:19,1
DA:20,1
DA:21,112
DA:22,112
DA:23,112
DA:24,1
DA:25,1
DA:26,24
DA:27,24
DA:28,24
DA:29,1
DA:30,1
DA:31,33
DA:32,33
DA:33,33
DA:34,33
DA:35,33
DA:36,1
DA:37,1
DA:38,1
DA:39,33
DA:40,33
DA:41,33
DA:42,33
DA:43,33
DA:44,33
DA:45,33
DA:46,33
DA:47,33
DA:48,33
DA:49,33
DA:50,33
DA:51,33
DA:52,33
DA:53,33
DA:54,33
DA:55,33
DA:56,33
DA:57,33
DA:58,33
DA:59,33
DA:60,33
DA:61,33
DA:62,33
DA:63,33
DA:64,33
DA:65,33
DA:66,33
DA:67,33
DA:68,33
DA:69,33
DA:70,33
DA:71,33
DA:72,33
DA:73,33
DA:74,33
DA:75,33
DA:76,33
DA:77,33
DA:78,33
DA:79,33
DA:80,33
DA:81,33
DA:82,33
DA:83,33
DA:84,33
DA:85,33
DA:86,33
DA:87,33
DA:88,33
DA:89,33
DA:90,33
DA:91,33
DA:92,33
DA:93,33
DA:94,33
DA:95,33
DA:96,33
DA:97,33
DA:98,33
DA:99,33
DA:100,33
DA:101,33
DA:102,33
DA:103,33
DA:104,33
DA:105,33
DA:106,33
DA:107,33
DA:108,33
DA:109,33
DA:110,33
DA:111,33
LF:111
LH:111
BRDA:20,0,0,112
BRDA:25,1,0,24
BRDA:30,2,0,33
BRDA:35,3,0,1
BRF:4
BRH:4
end_of_record
TN:
SF:src/components/containers/EventsCalendar/index.tsx
FN:25,EventsCalendar
FN:34,handleNavigation
FN:62,openEventModal
FN:67,handleChangeView
FN:71,openEventOnModal
FNF:5
FNH:5
FNDA:25,EventsCalendar
FNDA:2,handleNavigation
FNDA:3,openEventModal
FNDA:2,handleChangeView
FNDA:1,openEventOnModal
DA:1,1
DA:2,1
DA:3,1
DA:4,1
DA:5,1
DA:6,1
DA:7,1
DA:8,1
DA:9,1
DA:10,1
DA:11,1
DA:12,1
DA:13,1
DA:14,1
DA:15,1
DA:16,1
DA:17,1
DA:18,1
DA:19,1
DA:20,1
DA:21,1
DA:22,1
DA:23,1
DA:24,1
DA:25,1
DA:26,25
DA:27,25
DA:28,25
DA:29,25
DA:30,25
DA:31,25
DA:32,25
DA:33,25
DA:34,25
DA:35,2
DA:36,2
DA:37,2
DA:38,2
DA:39,2
DA:40,2
DA:41,2
DA:42,0
DA:43,0
DA:44,2
DA:45,0
DA:46,0
DA:47,2
DA:48,2
DA:49,2
DA:50,0
DA:51,0
DA:52,0
DA:53,0
DA:54,0
DA:55,0
DA:56,0
DA:57,0
DA:58,2
DA:59,2
DA:60,2
DA:61,25
DA:62,25
DA:63,3
DA:64,3
DA:65,3
DA:66,25
DA:67,25
DA:68,2
DA:69,2
DA:70,25
DA:71,25
DA:72,1
DA:73,1
DA:74,25
DA:75,25
DA:76,10
DA:77,10
DA:78,25
DA:79,25
DA:80,25
DA:81,25
DA:82,25
DA:83,25
DA:84,25
DA:85,25
DA:86,25
DA:87,25
DA:88,25
DA:89,25
DA:90,25
DA:91,25
DA:92,25
DA:93,25
DA:94,25
DA:95,25
DA:96,25
DA:97,25
DA:98,25
LF:98
LH:86
BRDA:25,0,0,25
BRDA:28,1,0,78
BRDA:32,2,0,82
BRDA:34,3,0,2
BRDA:41,4,0,0
BRDA:44,5,0,0
BRDA:49,6,0,0
BRDA:62,7,0,3
BRDA:67,8,0,2
BRDA:71,9,0,1
BRDA:75,10,0,10
BRF:11
BRH:8
end_of_record
TN:
SF:src/components/form/Button/index.tsx
FN:10,Button
FNF:1
FNH:1
FNDA:21,Button
DA:1,1
DA:2,1
DA:3,1
DA:4,1
DA:5,1
DA:6,1
DA:7,1
DA:8,1
DA:9,1
DA:10,1
DA:11,21
DA:12,21
DA:13,21
DA:14,21
DA:15,21
DA:16,21
DA:17,21
DA:18,21
DA:19,21
DA:20,21
DA:21,21
LF:21
LH:21
BRDA:10,0,0,21
BRDA:18,1,0,1
BRDA:18,2,0,20
BRF:3
BRH:3
end_of_record
TN:
SF:src/components/form/CheckBox/index.tsx
FNF:0
FNH:0
DA:1,1
DA:2,1
DA:3,1
DA:4,1
DA:5,1
DA:6,1
DA:7,1
DA:8,1
DA:9,1
DA:10,1
DA:11,1
DA:12,1
DA:13,7
DA:14,7
DA:15,7
DA:16,7
DA:17,7
DA:18,7
DA:19,7
DA:20,7
DA:21,7
DA:22,7
DA:23,7
DA:24,7
DA:25,7
DA:26,7
DA:27,7
DA:28,7
DA:29,7
DA:30,7
DA:31,7
DA:32,7
DA:33,7
DA:34,7
DA:35,7
DA:36,7
DA:37,7
DA:38,7
DA:39,7
DA:40,7
DA:41,7
DA:42,1
LF:42
LH:42
BRDA:12,0,0,7
BRF:1
BRH:1
end_of_record
TN:
SF:src/components/form/DatePicker/index.tsx
FN:18,DatePicker
FNF:1
FNH:1
FNDA:16,DatePicker
DA:1,1
DA:2,1
DA:3,1
DA:4,1
DA:5,1
DA:6,1
DA:7,1
DA:8,1
DA:9,1
DA:10,1
DA:11,1
DA:12,1
DA:13,1
DA:14,1
DA:15,1
DA:16,1
DA:17,1
DA:18,1
DA:19,16
DA:20,16
DA:21,16
DA:22,16
DA:23,16
DA:24,16
DA:25,16
DA:26,16
DA:27,16
DA:28,16
DA:29,16
DA:30,16
DA:31,16
DA:32,16
DA:33,16
DA:34,16
DA:35,16
DA:36,16
DA:37,16
DA:38,16
DA:39,16
DA:40,16
DA:41,16
DA:42,16
DA:43,16
DA:44,16
DA:45,16
DA:46,16
DA:47,16
DA:48,16
DA:49,16
DA:50,16
DA:51,16
DA:52,16
DA:53,16
DA:54,16
DA:55,16
DA:56,16
LF:56
LH:56
BRDA:18,0,0,16
BRDA:49,1,0,15
BRF:2
BRH:2
end_of_record
TN:
SF:src/components/form/SelectInput/index.tsx
FNF:0
FNH:0
DA:1,1
DA:2,1
DA:3,1
DA:4,1
DA:5,1
DA:6,1
DA:7,1
DA:8,1
DA:9,1
DA:10,1
DA:11,1
DA:12,1
DA:13,1
DA:14,1
DA:15,1
DA:16,1
DA:17,1
DA:18,1
DA:19,1
DA:20,1
DA:21,1
DA:22,1
DA:23,25
DA:24,25
DA:25,25
DA:26,25
DA:27,25
DA:28,25
DA:29,25
DA:30,25
DA:31,25
DA:32,25
DA:33,25
DA:34,25
DA:35,25
DA:36,25
DA:37,25
DA:38,25
DA:39,25
DA:40,25
DA:41,25
DA:42,25
DA:43,25
DA:44,25
DA:45,25
DA:46,25
DA:47,25
DA:48,25
DA:49,25
DA:50,25
DA:51,25
DA:52,25
DA:53,25
DA:54,25
DA:55,25
DA:56,25
DA:57,25
DA:58,25
DA:59,25
DA:60,25
DA:61,25
DA:62,25
DA:63,25
DA:64,25
DA:65,25
DA:66,25
DA:67,25
DA:68,25
DA:69,25
LF:69
LH:69
BRDA:22,0,0,25
BRDA:62,1,0,11
BRDA:52,2,0,724
BRF:3
BRH:3
end_of_record
TN:
SF:src/components/ui/Calendar/CalendarDay/index.tsx
FN:15,DayEvents
FN:51,CalendarDay
FNF:2
FNH:2
FNDA:24,DayEvents
FNDA:1,CalendarDay
DA:1,1
DA:2,1
DA:3,1
DA:4,1
DA:5,1
DA:6,1
DA:7,1
DA:8,1
DA:9,1
DA:10,1
DA:11,1
DA:12,1
DA:13,1
DA:14,1
DA:15,1
DA:16,24
DA:17,24
DA:18,24
DA:19,24
DA:20,24
DA:21,24
DA:22,24
DA:23,24
DA:24,24
DA:25,24
DA:26,24
DA:27,23
DA:28,23
DA:29,1
DA:30,1
DA:31,1
DA:32,1
DA:33,1
DA:34,1
DA:35,1
DA:36,1
DA:37,1
DA:38,1
DA:39,1
DA:40,1
DA:41,1
DA:42,1
DA:43,1
DA:44,1
DA:45,1
DA:46,1
DA:47,1
DA:48,1
DA:49,1
DA:50,1
DA:51,1
DA:52,1
DA:53,1
DA:54,1
DA:55,1
DA:56,1
DA:57,1
DA:58,1
DA:59,1
DA:60,1
DA:61,1
DA:62,1
DA:63,1
DA:64,1
DA:65,1
DA:66,1
DA:67,1
DA:68,1
DA:69,24
DA:70,24
DA:71,1
DA:72,1
DA:73,1
DA:74,1
DA:75,1
DA:76,1
DA:77,1
DA:78,1
DA:79,1
DA:80,1
DA:81,1
DA:82,1
LF:82
LH:82
BRDA:15,0,0,24
BRDA:26,1,0,23
BRDA:28,2,0,1
BRDA:17,3,0,72
BRDA:20,4,0,72
BRDA:34,5,0,1
BRDA:51,6,0,1
BRDA:53,7,0,3
BRDA:68,8,0,24
BRF:9
BRH:9
end_of_record
TN:
SF:src/components/ui/Calendar/CalendarMonth/index.tsx
FN:17,MonthEvents
FN:56,CalendarMonth
FNF:2
FNH:2
FNDA:345,MonthEvents
FNDA:12,CalendarMonth
DA:1,1
DA:2,1
DA:3,1
DA:4,1
DA:5,1
DA:6,1
DA:7,1
DA:8,1
DA:9,1
DA:10,1
DA:11,1
DA:12,1
DA:13,1
DA:14,1
DA:15,1
DA:16,1
DA:17,1
DA:18,345
DA:19,345
DA:20,345
DA:21,345
DA:22,345
DA:23,345
DA:24,345
DA:25,345
DA:26,345
DA:27,345
DA:28,290
DA:29,345
DA:30,225
DA:31,225
DA:32,120
DA:33,120
DA:34,120
DA:35,120
DA:36,120
DA:37,120
DA:38,120
DA:39,120
DA:40,160
DA:41,160
DA:42,160
DA:43,160
DA:44,160
DA:45,160
DA:46,160
DA:47,120
DA:48,120
DA:49,120
DA:50,1
DA:51,1
DA:52,1
DA:53,1
DA:54,1
DA:55,1
DA:56,1
DA:57,12
DA:58,12
DA:59,12
DA:60,12
DA:61,12
DA:62,12
DA:63,84
DA:64,84
DA:65,12
DA:66,12
DA:67,12
DA:68,12
DA:69,12
DA:70,12
DA:71,420
DA:72,75
DA:73,75
DA:74,75
DA:75,75
DA:76,75
DA:77,75
DA:78,75
DA:79,345
DA:80,345
DA:81,345
DA:82,345
DA:83,345
DA:84,345
DA:85,345
DA:86,345
DA:87,345
DA:88,345
DA:89,345
DA:90,345
DA:91,345
DA:92,12
DA:93,12
DA:94,12
LF:94
LH:94
BRDA:17,0,0,345
BRDA:27,1,0,290
BRDA:29,2,0,225
BRDA:31,3,0,120
BRDA:19,4,0,1035
BRDA:21,5,0,1093
BRDA:39,6,0,160
BRDA:56,7,0,12
BRDA:62,8,0,84
BRDA:70,9,0,420
BRDA:71,10,0,75
BRDA:78,11,0,345
BRF:12
BRH:12
end_of_record
TN:
SF:src/components/ui/Calendar/CalendarNav/index.tsx
FN:22,CalendarNav
FN:32,onClick
FN:39,onClick
FN:53,onChange
FNF:4
FNH:4
FNDA:14,CalendarNav
FNDA:1,onClick
FNDA:1,onClick
FNDA:2,onChange
DA:1,1
DA:2,1
DA:3,1
DA:4,1
DA:5,1
DA:6,1
DA:7,1
DA:8,1
DA:9,1
DA:10,1
DA:11,1
DA:12,1
DA:13,1
DA:14,1
DA:15,1
DA:16,1
DA:17,1
DA:18,1
DA:19,1
DA:20,1
DA:21,1
DA:22,1
DA:23,14
DA:24,14
DA:25,14
DA:26,14
DA:27,14
DA:28,14
DA:29,14
DA:30,14
DA:31,14
DA:32,14
DA:33,14
DA:34,14
DA:35,14
DA:36,14
DA:37,14
DA:38,14
DA:39,14
DA:40,14
DA:41,14
DA:42,14
DA:43,14
DA:44,14
DA:45,14
DA:46,14
DA:47,14
DA:48,14
DA:49,14
DA:50,14
DA:51,14
DA:52,14
DA:53,14
DA:54,14
DA:55,14
DA:56,14
DA:57,14
DA:58,14
DA:59,14
LF:59
LH:59
BRDA:22,0,0,14
BRDA:24,1,0,44
BRDA:32,2,0,1
BRDA:39,3,0,1
BRDA:53,4,0,2
BRF:5
BRH:5
end_of_record
TN:
SF:src/components/ui/LoadingIcon/index.tsx
FN:9,LoadingIcon
FNF:1
FNH:1
FNDA:2,LoadingIcon
DA:1,1
DA:2,1
DA:3,1
DA:4,1
DA:5,1
DA:6,1
DA:7,1
DA:8,1
DA:9,1
DA:10,2
DA:11,2
DA:12,2
DA:13,2
DA:14,2
DA:15,2
DA:16,2
DA:17,2
DA:18,2
DA:19,2
DA:20,2
DA:21,2
LF:21
LH:21
BRDA:9,0,0,2
BRF:1
BRH:1
end_of_record
TN:
SF:src/components/ui/Modal/index.tsx
FN:11,Modal
FNF:1
FNH:1
FNDA:34,Modal
DA:1,1
DA:2,1
DA:3,1
DA:4,1
DA:5,1
DA:6,1
DA:7,1
DA:8,1
DA:9,1
DA:10,1
DA:11,1
DA:12,34
DA:13,34
DA:14,34
DA:15,34
DA:16,34
DA:17,34
DA:18,34
DA:19,34
DA:20,34
DA:21,34
DA:22,34
DA:23,34
DA:24,34
DA:25,34
DA:26,34
DA:27,34
DA:28,34
DA:29,34
DA:30,34
DA:31,34
DA:32,34
DA:33,34
DA:34,34
DA:35,34
DA:36,34
DA:37,34
DA:38,34
DA:39,34
DA:40,34
LF:40
LH:40
BRDA:11,0,0,34
BRF:1
BRH:1
end_of_record
TN:
SF:src/hooks/useEventData.ts
FN:15,useEventData
FNF:1
FNH:0
FNDA:0,useEventData
DA:1,1
DA:2,1
DA:3,1
DA:4,1
DA:5,1
DA:6,1
DA:7,1
DA:8,1
DA:9,1
DA:10,1
DA:11,1
DA:12,1
DA:13,1
DA:14,1
DA:15,1
DA:16,0
DA:17,0
DA:18,0
DA:19,0
DA:20,0
DA:21,0
DA:22,0
DA:23,0
DA:24,0
DA:25,0
DA:26,0
DA:27,0
DA:28,0
DA:29,0
DA:30,0
DA:31,0
DA:32,0
DA:33,0
DA:34,0
DA:35,0
DA:36,0
DA:37,0
DA:38,0
DA:39,0
DA:40,0
DA:41,0
DA:42,0
DA:43,0
DA:44,0
LF:44
LH:15
BRF:0
BRH:0
end_of_record
TN:
SF:src/hooks/useEventForm.ts
FN:41,useEventForm
FNF:1
FNH:1
FNDA:33,useEventForm
DA:1,1
DA:2,1
DA:3,1
DA:4,1
DA:5,1
DA:6,1
DA:7,1
DA:8,1
DA:9,1
DA:10,1
DA:11,1
DA:12,1
DA:13,1
DA:14,1
DA:15,1
DA:16,1
DA:17,1
DA:18,1
DA:19,1
DA:20,1
DA:21,1
DA:22,1
DA:23,1
DA:24,1
DA:25,1
DA:26,1
DA:27,1
DA:28,1
DA:29,1
DA:30,1
DA:31,1
DA:32,1
DA:33,1
DA:34,1
DA:35,1
DA:36,1
DA:37,1
DA:38,1
DA:39,1
DA:40,1
DA:41,1
DA:42,33
DA:43,33
DA:44,33
DA:45,33
DA:46,33
DA:47,33
DA:48,33
DA:49,33
DA:50,33
DA:51,33
DA:52,33
DA:53,33
DA:54,33
DA:55,33
DA:56,33
DA:57,33
DA:58,33
DA:59,33
DA:60,33
DA:61,33
DA:62,33
DA:63,33
DA:64,33
DA:65,33
DA:66,33
DA:67,1
DA:68,1
DA:69,1
DA:70,1
DA:71,1
DA:72,1
DA:73,1
DA:74,1
DA:75,1
DA:76,1
DA:77,1
DA:78,1
DA:79,1
DA:80,1
DA:81,1
DA:82,1
DA:83,1
DA:84,1
DA:85,1
DA:86,1
DA:87,1
DA:88,1
DA:89,1
DA:90,1
DA:91,1
DA:92,1
DA:93,1
DA:94,1
DA:95,1
DA:96,1
DA:97,33
DA:98,33
DA:99,33
DA:100,33
DA:101,16
DA:102,16
DA:103,1
DA:104,1
DA:105,1
DA:106,1
DA:107,1
DA:108,1
DA:109,1
DA:110,1
DA:111,1
DA:112,1
DA:113,1
DA:114,1
DA:115,1
DA:116,1
DA:117,1
DA:118,16
DA:119,33
DA:120,33
DA:121,33
DA:122,33
DA:123,33
DA:124,33
DA:125,33
DA:126,33
DA:127,33
DA:128,33
DA:129,33
DA:130,33
LF:130
LH:130
BRDA:41,0,0,33
BRDA:66,1,0,1
BRDA:100,2,0,16
BRDA:102,3,0,1
BRDA:102,4,0,1
BRDA:102,5,0,1
BRF:6
BRH:6
end_of_record
TN:
SF:src/utils/calendar.ts
FN:23,checkIsToday
FN:32,getYearKey
FN:36,getMonthKey
FN:40,getWeekKey
FN:44,getDayKey
FN:53,getFirstMonthDate
FN:57,getLastMonthDate
FN:61,getLastMonthWeekDate
FN:65,createTimeData
FN:78,createDayData
FN:101,createWeekData
FN:143,createMonthData
FN:162,createYearData
FN:177,initCalendarData
FN:203,mapMonthDays
FN:225,mapWeekDays
FN:243,findDayWeek
FN:254,getWeekDay
FN:261,getMonthFromState
FN:266,getWeekFromState
FN:276,getDayFromState
FN:283,computeMonthState
FN:309,propagateStateChangeWeek
FN:341,computeWeekState
FN:360,computeDayState
FNF:25
FNH:22
FNDA:704,checkIsToday
FNDA:19,getYearKey
FNDA:63,getMonthKey
FNDA:242,getWeekKey
FNDA:1409,getDayKey
FNDA:144,getFirstMonthDate
FNDA:24,getLastMonthDate
FNDA:24,getLastMonthWeekDate
FNDA:16896,createTimeData
FNDA:704,createDayData
FNDA:120,createWeekData
FNDA:24,createMonthData
FNDA:2,createYearData
FNDA:2,initCalendarData
FNDA:12,mapMonthDays
FNDA:1,mapWeekDays
FNDA:1,findDayWeek
FNDA:1,getWeekDay
FNDA:12,getMonthFromState
FNDA:1,getWeekFromState
FNDA:1,getDayFromState
FNDA:2,computeMonthState
FNDA:0,propagateStateChangeWeek
FNDA:0,computeWeekState
FNDA:0,computeDayState
DA:1,1
DA:2,1
DA:3,1
DA:4,1
DA:5,1
DA:6,1
DA:7,1
DA:8,1
DA:9,1
DA:10,1
DA:11,1
DA:12,1
DA:13,1
DA:14,1
DA:15,1
DA:16,1
DA:17,1
DA:18,1
DA:19,1
DA:20,1
DA:21,1
DA:22,1
DA:23,1
DA:24,704
DA:25,704
DA:26,704
DA:27,704
DA:28,62
DA:29,704
DA:30,704
DA:31,1
DA:32,1
DA:33,19
DA:34,19
DA:35,1
DA:36,1
DA:37,63
DA:38,63
DA:39,1
DA:40,1
DA:41,242
DA:42,242
DA:43,1
DA:44,1
DA:45,1409
DA:46,1409
DA:47,1409
DA:48,1409
DA:49,1409
DA:50,1409
DA:51,1409
DA:52,1
DA:53,1
DA:54,144
DA:55,144
DA:56,1
DA:57,1
DA:58,24
DA:59,24
DA:60,1
DA:61,1
DA:62,24
DA:63,24
DA:64,1
DA:65,1
DA:66,16896
DA:67,16896
DA:68,16896
DA:69,16896
DA:70,16896
DA:71,16896
DA:72,16896
DA:73,16896
DA:74,16896
DA:75,16896
DA:76,16896
DA:77,1
DA:78,1
DA:79,704
DA:80,704
DA:81,704
DA:82,704
DA:83,704
DA:84,704
DA:85,704
DA:86,704
DA:87,704
DA:88,704
DA:89,704
DA:90,16896
DA:91,16896
DA:92,704
DA:93,704
DA:94,704
DA:95,704
DA:96,704
DA:97,704
DA:98,704
DA:99,704
DA:100,1
DA:101,1
DA:102,120
DA:103,120
DA:104,120
DA:105,120
DA:106,120
DA:107,120
DA:108,120
DA:109,120
DA:110,120
DA:111,24
DA:112,96
DA:113,120
DA:114,120
DA:115,120
DA:116,120
DA:117,744
DA:118,744
DA:119,124
DA:120,104
DA:121,744
DA:122,620
DA:123,600
DA:124,600
DA:125,704
DA:126,704
DA:127,704
DA:128,704
DA:129,704
DA:130,704
DA:131,704
DA:132,704
DA:133,120
DA:134,120
DA:135,120
DA:136,120
DA:137,120
DA:138,120
DA:139,120
DA:140,120
DA:141,120
DA:142,1
DA:143,1
DA:144,24
DA:145,24
DA:146,24
DA:147,24
DA:148,24
DA:149,24
DA:150,120
DA:151,120
DA:152,24
DA:153,24
DA:154,24
DA:155,24
DA:156,24
DA:157,24
DA:158,24
DA:159,24
DA:160,24
DA:161,1
DA:162,1
DA:163,2
DA:164,2
DA:165,2
DA:166,2
DA:167,24
DA:168,24
DA:169,2
DA:170,2
DA:171,2
DA:172,2
DA:173,2
DA:174,2
DA:175,2
DA:176,1
DA:177,1
DA:178,2
DA:179,2
DA:180,2
DA:181,2
DA:182,2
DA:183,2
DA:184,2
DA:185,2
DA:186,2
DA:187,2
DA:188,2
DA:189,2
DA:190,2
DA:191,2
DA:192,2
DA:193,2
DA:194,2
DA:195,2
DA:196,2
DA:197,2
DA:198,2
DA:199,2
DA:200,2
DA:201,2
DA:202,1
DA:203,1
DA:204,12
DA:205,12
DA:206,12
DA:207,12
DA:208,60
DA:209,60
DA:210,12
DA:211,12
DA:212,12
DA:213,420
DA:214,75
DA:215,75
DA:216,75
DA:217,345
DA:218,345
DA:219,345
DA:220,345
DA:221,12
DA:222,12
DA:223,12
DA:224,1
DA:225,1
DA:226,1
DA:227,1
DA:228,1
DA:229,1
DA:230,1
DA:231,7
DA:232,0
DA:233,0
DA:234,0
DA:235,7
DA:236,7
DA:237,7
DA:238,7
DA:239,1
DA:240,1
DA:241,1
DA:242,1
DA:243,1
DA:244,1
DA:245,1
DA:246,1
DA:247,1
DA:248,1
DA:249,1
DA:250,1
DA:251,1
DA:252,1
DA:253,1
DA:254,1
DA:255,1
DA:256,1
DA:257,1
DA:258,1
DA:259,1
DA:260,1
DA:261,1
DA:262,12
DA:263,12
DA:264,12
DA:265,1
DA:266,1
DA:267,1
DA:268,1
DA:269,1
DA:270,1
DA:271,1
DA:272,1
DA:273,1
DA:274,1
DA:275,1
DA:276,1
DA:277,1
DA:278,1
DA:279,1
DA:280,1
DA:281,1
DA:282,1
DA:283,1
DA:284,2
DA:285,2
DA:286,2
DA:287,2
DA:288,2
DA:289,2
DA:290,2
DA:291,2
DA:292,2
DA:293,0
DA:294,0
DA:295,0
DA:296,0
DA:297,2
DA:298,0
DA:299,0
DA:300,0
DA:301,0
DA:302,0
DA:303,0
DA:304,0
DA:305,2
DA:306,2
DA:307,2
DA:308,1
DA:309,1
DA:310,0
DA:311,0
DA:312,0
DA:313,0
DA:314,0
DA:315,0
DA:316,0
DA:317,0
DA:318,0
DA:319,0
DA:320,0
DA:321,0
DA:322,0
DA:323,0
DA:324,0
DA:325,0
DA:326,0
DA:327,0
DA:328,0
DA:329,0
DA:330,0
DA:331,0
DA:332,0
DA:333,0
DA:334,0
DA:335,0
DA:336,0
DA:337,0
DA:338,0
DA:339,0
DA:340,1
DA:341,1
DA:342,0
DA:343,0
DA:344,0
DA:345,0
DA:346,0
DA:347,0
DA:348,0
DA:349,0
DA:350,0
DA:351,0
DA:352,0
DA:353,0
DA:354,0
DA:355,0
DA:356,0
DA:357,0
DA:358,0
DA:359,1
DA:360,1
DA:361,0
DA:362,0
DA:363,0
DA:364,0
DA:365,0
DA:366,0
DA:367,0
DA:368,0
DA:369,0
DA:370,0
DA:371,0
DA:372,0
DA:373,0
DA:374,0
DA:375,0
DA:376,0
DA:377,0
DA:378,0
DA:379,0
DA:380,0
DA:381,0
DA:382,0
DA:383,0
DA:384,0
DA:385,0
DA:386,0
DA:387,0
DA:388,0
DA:389,0
DA:390,0
DA:391,0
DA:392,0
DA:393,0
DA:394,0
DA:395,0
DA:396,0
DA:397,0
DA:398,0
DA:399,0
DA:400,0
DA:401,0
DA:402,0
LF:402
LH:299
BRDA:23,0,0,704
BRDA:27,1,0,62
BRDA:32,2,0,19
BRDA:36,3,0,63
BRDA:40,4,0,242
BRDA:44,5,0,1409
BRDA:53,6,0,144
BRDA:57,7,0,24
BRDA:61,8,0,24
BRDA:65,9,0,16896
BRDA:68,10,0,67584
BRDA:78,11,0,704
BRDA:89,12,0,16896
BRDA:101,13,0,120
BRDA:108,14,0,24
BRDA:108,15,0,96
BRDA:110,16,0,24
BRDA:111,17,0,96
BRDA:116,18,0,744
BRDA:118,19,0,124
BRDA:119,20,0,20
BRDA:119,21,0,104
BRDA:121,22,0,620
BRDA:122,23,0,116
BRDA:122,24,0,20
BRDA:122,25,0,600
BRDA:124,26,0,704
BRDA:143,27,0,24
BRDA:149,28,0,120
BRDA:162,29,0,2
BRDA:166,30,0,24
BRDA:177,31,0,2
BRDA:203,32,0,12
BRDA:207,33,0,60
BRDA:212,34,0,420
BRDA:213,35,0,395
BRDA:213,36,0,75
BRDA:216,37,0,345
BRDA:225,38,0,1
BRDA:230,39,0,7
BRDA:231,40,0,0
BRDA:243,41,0,1
BRDA:249,42,0,3
BRDA:249,43,0,18
BRDA:254,44,0,1
BRDA:261,45,0,12
BRDA:266,46,0,1
BRDA:276,47,0,1
BRDA:283,48,0,2
BRDA:290,49,0,1
BRDA:290,50,0,1
BRDA:292,51,0,0
BRDA:297,52,0,0
BRF:53
BRH:50
end_of_record
